#
# A fatal error has been detected by the Java Runtime Environment:
#
#  SIGSEGV (0xb) at pc=0x0000000b1d0500c7, pid=2935, tid=0x0000000000006903
#
# JRE version: Java(TM) SE Runtime Environment (8.0_152-b16) (build 1.8.0_152-b16)
# Java VM: Java HotSpot(TM) 64-Bit Server VM (25.152-b16 mixed mode bsd-amd64 compressed oops)
# Problematic frame:
# C  0x0000000b1d0500c7
#
# Failed to write core dump. Core dumps have been disabled. To enable core dumping, try "ulimit -c unlimited" before starting Java again
#
# If you would like to submit a bug report, please visit:
#   http://bugreport.java.com/bugreport/crash.jsp
#

---------------  T H R E A D  ---------------

Current thread (0x00007ffbfc380800):  JavaThread "http-nio-8080-exec-7" daemon [_thread_in_Java, id=26883, stack(0x000070000e9d2000,0x000070000ead2000)]

siginfo: si_signo: 11 (SIGSEGV), si_code: 1 (SEGV_MAPERR), si_addr: 0x0000000b1d0500c7

Registers:
RAX=0x00000007c0015870, RBX=0x0000000109bc93a0, RCX=0x00000007810e7e18, RDX=0x0000000000000000
RSP=0x000070000ead0910, RBP=0x000070000ead0968, RSI=0x000070000ead08c8, RDI=0x0000000000000001
R8 =0x0000000000000000, R9 =0x0000000000000000, R10=0x00000001060930e0, R11=0x000000010c793980
R12=0x0000000000000000, R13=0x000070000ead0918, R14=0x000070000ead0988, R15=0x00007ffbfc380800
RIP=0x0000000b1d0500c7, EFLAGS=0x0000000000010246, ERR=0x0000000000000014
  TRAPNO=0x000000000000000e

Top of Stack: (sp=0x000070000ead0910)
0x000070000ead0910:   000000010bf2bad5 00000007b03d23a0
0x000070000ead0920:   00000007810e7e18 000070000ead0928
0x000070000ead0930:   000000011b5a6579 000070000ead0988
0x000070000ead0940:   000000011bbe9600 0000000000000000
0x000070000ead0950:   000000011b5a65e0 000070000ead0918
0x000070000ead0960:   000070000ead0980 000070000ead09d0
0x000070000ead0970:   000000010bf2ba90 0000000000000000
0x000070000ead0980:   00000007ae884df0 00000007811ff930
0x000070000ead0990:   000070000ead0990 000000011b5a6472
0x000070000ead09a0:   000070000ead09f0 000000011bbe9600
0x000070000ead09b0:   0000000000000000 000000011b5a64d0
0x000070000ead09c0:   000070000ead0980 000070000ead09e8
0x000070000ead09d0:   000070000ead0a38 000000010bf2c040
0x000070000ead09e0:   0000000000000000 00000007ae884df0
0x000070000ead09f0:   00000007811ff930 000070000ead09f8
0x000070000ead0a00:   000000011b5a6372 000070000ead0a68
0x000070000ead0a10:   000000011bbe9600 0000000000000000
0x000070000ead0a20:   000000011b5a63e8 000070000ead09e8
0x000070000ead0a30:   000070000ead0a50 000070000ead0ab0
0x000070000ead0a40:   000000010bf2c2bd 0000000000000000
0x000070000ead0a50:   00000007ae9ce3b0 00000007ae9e62a8
0x000070000ead0a60:   00000007ae884df0 00000007811ff930
0x000070000ead0a70:   000070000ead0a70 000000011b41b81f
0x000070000ead0a80:   000070000ead0b00 000000011bbe5920
0x000070000ead0a90:   0000000000000000 000000011b41b8d0
0x000070000ead0aa0:   000070000ead0a50 000070000ead0ae8
0x000070000ead0ab0:   000070000ead0b48 000000010bf2c302
0x000070000ead0ac0:   0000000000000000 0000000000000000
0x000070000ead0ad0:   00000007b03d2470 00000007ae9e62a8
0x000070000ead0ae0:   00000007ae884df0 00000007ae9ce3b0
0x000070000ead0af0:   00000007ae9e62a8 00000007ae884df0
0x000070000ead0b00:   00000007811ff930 000070000ead0b08 

Instructions: (pc=0x0000000b1d0500c7)
0x0000000b1d0500a7:   
[error occurred during error reporting (printing registers, top of stack, instructions near pc), id 0xb]

Register to memory mapping:

RAX=0x00000007c0015870 is pointing into metadata
RBX={method} {0x0000000109bc93a0} 'contains' '(Ljava/lang/Object;)Z' in 'java/util/Arrays$ArrayList'
RCX=0x00000007810e7e18 is an oop
java.util.Arrays$ArrayList 
 - klass: 'java/util/Arrays$ArrayList'
RDX=0x0000000000000000 is an unknown value
RSP=0x000070000ead0910 is pointing into the stack for thread: 0x00007ffbfc380800
RBP=0x000070000ead0968 is pointing into the stack for thread: 0x00007ffbfc380800
RSI=0x000070000ead08c8 is pointing into the stack for thread: 0x00007ffbfc380800
RDI=0x0000000000000001 is an unknown value
R8 =0x0000000000000000 is an unknown value
R9 =0x0000000000000000 is an unknown value
R10=0x00000001060930e0: _ZN19TemplateInterpreter29_invokeinterface_return_entryE+0 in /Library/Java/JavaVirtualMachines/jdk1.8.0_152.jdk/Contents/Home/jre/lib/server/libjvm.dylib at 0x000000010579b000
R11=0x000000010c793980 is at entry_point+32 in (nmethod*)0x000000010c7937d0
R12=0x0000000000000000 is an unknown value
R13=0x000070000ead0918 is pointing into the stack for thread: 0x00007ffbfc380800
R14=0x000070000ead0988 is pointing into the stack for thread: 0x00007ffbfc380800
R15=0x00007ffbfc380800 is a thread


Stack: [0x000070000e9d2000,0x000070000ead2000],  sp=0x000070000ead0910,  free space=1018k
Native frames: (J=compiled Java code, j=interpreted, Vv=VM code, C=native code)
C  0x0000000b1d0500c7
j  org.springframework.web.filter.FormContentFilter.parseIfNecessary(Ljavax/servlet/http/HttpServletRequest;)Lorg/springframework/util/MultiValueMap;+2
j  org.springframework.web.filter.FormContentFilter.doFilterInternal(Ljavax/servlet/http/HttpServletRequest;Ljavax/servlet/http/HttpServletResponse;Ljavax/servlet/FilterChain;)V+2
j  org.springframework.web.filter.OncePerRequestFilter.doFilter(Ljavax/servlet/ServletRequest;Ljavax/servlet/ServletResponse;Ljavax/servlet/FilterChain;)V+111
j  org.apache.catalina.core.ApplicationFilterChain.internalDoFilter(Ljavax/servlet/ServletRequest;Ljavax/servlet/ServletResponse;)V+135
j  org.apache.catalina.core.ApplicationFilterChain.doFilter(Ljavax/servlet/ServletRequest;Ljavax/servlet/ServletResponse;)V+101
j  org.springframework.web.filter.HiddenHttpMethodFilter.doFilterInternal(Ljavax/servlet/http/HttpServletRequest;Ljavax/servlet/http/HttpServletResponse;Ljavax/servlet/FilterChain;)V+87
j  org.springframework.web.filter.OncePerRequestFilter.doFilter(Ljavax/servlet/ServletRequest;Ljavax/servlet/ServletResponse;Ljavax/servlet/FilterChain;)V+111
j  org.apache.catalina.core.ApplicationFilterChain.internalDoFilter(Ljavax/servlet/ServletRequest;Ljavax/servlet/ServletResponse;)V+135
j  org.apache.catalina.core.ApplicationFilterChain.doFilter(Ljavax/servlet/ServletRequest;Ljavax/servlet/ServletResponse;)V+101
j  org.springframework.web.filter.CharacterEncodingFilter.doFilterInternal(Ljavax/servlet/http/HttpServletRequest;Ljavax/servlet/http/HttpServletResponse;Ljavax/servlet/FilterChain;)V+53
j  org.springframework.web.filter.OncePerRequestFilter.doFilter(Ljavax/servlet/ServletRequest;Ljavax/servlet/ServletResponse;Ljavax/servlet/FilterChain;)V+111
j  org.apache.catalina.core.ApplicationFilterChain.internalDoFilter(Ljavax/servlet/ServletRequest;Ljavax/servlet/ServletResponse;)V+135
j  org.apache.catalina.core.ApplicationFilterChain.doFilter(Ljavax/servlet/ServletRequest;Ljavax/servlet/ServletResponse;)V+101
j  org.apache.catalina.core.StandardWrapperValve.invoke(Lorg/apache/catalina/connector/Request;Lorg/apache/catalina/connector/Response;)V+688
j  org.apache.catalina.core.StandardContextValve.invoke(Lorg/apache/catalina/connector/Request;Lorg/apache/catalina/connector/Response;)V+166
j  org.apache.catalina.authenticator.AuthenticatorBase.invoke(Lorg/apache/catalina/connector/Request;Lorg/apache/catalina/connector/Response;)V+260
j  org.apache.catalina.core.StandardHostValve.invoke(Lorg/apache/catalina/connector/Request;Lorg/apache/catalina/connector/Response;)V+114
j  org.apache.catalina.valves.ErrorReportValve.invoke(Lorg/apache/catalina/connector/Request;Lorg/apache/catalina/connector/Response;)V+6
j  org.apache.catalina.core.StandardEngineValve.invoke(Lorg/apache/catalina/connector/Request;Lorg/apache/catalina/connector/Response;)V+45
j  org.apache.catalina.connector.CoyoteAdapter.service(Lorg/apache/coyote/Request;Lorg/apache/coyote/Response;)V+199
j  org.apache.coyote.http11.Http11Processor.service(Lorg/apache/tomcat/util/net/SocketWrapperBase;)Lorg/apache/tomcat/util/net/AbstractEndpoint$Handler$SocketState;+791
j  org.apache.coyote.AbstractProcessorLight.process(Lorg/apache/tomcat/util/net/SocketWrapperBase;Lorg/apache/tomcat/util/net/SocketEvent;)Lorg/apache/tomcat/util/net/AbstractEndpoint$Handler$SocketState;+113
j  org.apache.coyote.AbstractProtocol$ConnectionHandler.process(Lorg/apache/tomcat/util/net/SocketWrapperBase;Lorg/apache/tomcat/util/net/SocketEvent;)Lorg/apache/tomcat/util/net/AbstractEndpoint$Handler$SocketState;+414
j  org.apache.tomcat.util.net.NioEndpoint$SocketProcessor.doRun()V+191
j  org.apache.tomcat.util.net.SocketProcessorBase.run()V+21
j  java.util.concurrent.ThreadPoolExecutor.runWorker(Ljava/util/concurrent/ThreadPoolExecutor$Worker;)V+95
j  java.util.concurrent.ThreadPoolExecutor$Worker.run()V+5
j  org.apache.tomcat.util.threads.TaskThread$WrappingRunnable.run()V+4
j  java.lang.Thread.run()V+11
v  ~StubRoutines::call_stub
V  [libjvm.dylib+0x2ef7b2]  JavaCalls::call_helper(JavaValue*, methodHandle*, JavaCallArguments*, Thread*)+0x6ae
V  [libjvm.dylib+0x2eff56]  JavaCalls::call_virtual(JavaValue*, KlassHandle, Symbol*, Symbol*, JavaCallArguments*, Thread*)+0x164
V  [libjvm.dylib+0x2f0102]  JavaCalls::call_virtual(JavaValue*, Handle, KlassHandle, Symbol*, Symbol*, Thread*)+0x4a
V  [libjvm.dylib+0x34a8c5]  thread_entry(JavaThread*, Thread*)+0x7c
V  [libjvm.dylib+0x56e327]  JavaThread::thread_main_inner()+0x9b
V  [libjvm.dylib+0x56fa14]  JavaThread::run()+0x1c2
V  [libjvm.dylib+0x48d542]  java_start(Thread*)+0xf6
C  [libsystem_pthread.dylib+0x3305]  _pthread_body+0x7e
C  [libsystem_pthread.dylib+0x626f]  _pthread_start+0x46
C  [libsystem_pthread.dylib+0x2415]  thread_start+0xd
C  0x0000000000000000


---------------  P R O C E S S  ---------------

Java Threads: ( => current thread )
  0x00007ffbfbac5800 JavaThread "RMI TCP Connection(idle)" daemon [_thread_blocked, id=30979, stack(0x000070000f6f9000,0x000070000f7f9000)]
  0x00007ffbfac76000 JavaThread "DestroyJavaVM" [_thread_blocked, id=5891, stack(0x000070000c463000,0x000070000c563000)]
  0x00007ffbfb236000 JavaThread "http-nio-8080-Acceptor-0" daemon [_thread_in_native, id=28675, stack(0x000070000efe4000,0x000070000f0e4000)]
  0x00007ffbfb50e800 JavaThread "http-nio-8080-ClientPoller-1" daemon [_thread_in_native, id=38403, stack(0x000070000eee1000,0x000070000efe1000)]
  0x00007ffbfb331800 JavaThread "http-nio-8080-ClientPoller-0" daemon [_thread_in_native, id=28163, stack(0x000070000edde000,0x000070000eede000)]
  0x00007ffbfac75000 JavaThread "http-nio-8080-exec-10" daemon [_thread_blocked, id=27651, stack(0x000070000ecdb000,0x000070000eddb000)]
  0x00007ffbfc3df800 JavaThread "http-nio-8080-exec-9" daemon [_thread_blocked, id=27139, stack(0x000070000ebd8000,0x000070000ecd8000)]
  0x00007ffbfc3d2000 JavaThread "http-nio-8080-exec-8" daemon [_thread_blocked, id=39171, stack(0x000070000ead5000,0x000070000ebd5000)]
=>0x00007ffbfc380800 JavaThread "http-nio-8080-exec-7" daemon [_thread_in_Java, id=26883, stack(0x000070000e9d2000,0x000070000ead2000)]
  0x00007ffbfac74000 JavaThread "http-nio-8080-exec-6" daemon [_thread_blocked, id=26627, stack(0x000070000e8cf000,0x000070000e9cf000)]
  0x00007ffbfac73000 JavaThread "http-nio-8080-exec-5" daemon [_thread_blocked, id=26371, stack(0x000070000e7cc000,0x000070000e8cc000)]
  0x00007ffbfbac4000 JavaThread "http-nio-8080-exec-4" daemon [_thread_blocked, id=25859, stack(0x000070000e6c9000,0x000070000e7c9000)]
  0x00007ffbfb331000 JavaThread "http-nio-8080-exec-3" daemon [_thread_blocked, id=40195, stack(0x000070000e5c6000,0x000070000e6c6000)]
  0x00007ffbfb501000 JavaThread "http-nio-8080-exec-2" daemon [_thread_blocked, id=40707, stack(0x000070000e4c3000,0x000070000e5c3000)]
  0x00007ffbfac68000 JavaThread "http-nio-8080-exec-1" daemon [_thread_blocked, id=25347, stack(0x000070000e3c0000,0x000070000e4c0000)]
  0x00007ffbfb4ed000 JavaThread "NioBlockingSelector.BlockPoller-1" daemon [_thread_in_native, id=41219, stack(0x000070000e2bd000,0x000070000e3bd000)]
  0x00007ffbfba29000 JavaThread "HikariPool-1 housekeeper" daemon [_thread_blocked, id=41987, stack(0x000070000e0b7000,0x000070000e1b7000)]
  0x00007ffbfab60800 JavaThread "PostgreSQL-JDBC-SharedTimer-1" daemon [_thread_blocked, id=24323, stack(0x000070000dfb4000,0x000070000e0b4000)]
  0x00007ffbfba0b000 JavaThread "container-0" [_thread_blocked, id=23815, stack(0x000070000deb1000,0x000070000dfb1000)]
  0x00007ffbfabf1000 JavaThread "Catalina-utility-2" [_thread_blocked, id=22791, stack(0x000070000ddae000,0x000070000deae000)]
  0x00007ffbfabe5000 JavaThread "Catalina-utility-1" [_thread_blocked, id=19723, stack(0x000070000d9a2000,0x000070000daa2000)]
  0x00007ffbfb196800 JavaThread "JMX server connection timeout 20" daemon [_thread_blocked, id=42499, stack(0x000070000dcab000,0x000070000ddab000)]
  0x00007ffbfb971000 JavaThread "RMI TCP Connection(idle)" daemon [_thread_blocked, id=23043, stack(0x000070000dba8000,0x000070000dca8000)]
  0x00007ffbfb17b000 JavaThread "Attach Listener" daemon [_thread_blocked, id=43011, stack(0x000070000daa5000,0x000070000dba5000)]
  0x00007ffbfc23c800 JavaThread "JMX server connection timeout 16" daemon [_thread_blocked, id=43267, stack(0x000070000d89f000,0x000070000d99f000)]
  0x00007ffbfb939000 JavaThread "RMI Scheduler(0)" daemon [_thread_blocked, id=15619, stack(0x000070000d699000,0x000070000d799000)]
  0x00007ffbfc21e000 JavaThread "RMI TCP Accept-0" daemon [_thread_in_native, id=16643, stack(0x000070000d390000,0x000070000d490000)]
  0x00007ffbfc1d6800 JavaThread "RMI TCP Accept-49475" daemon [_thread_in_native, id=16899, stack(0x000070000d28d000,0x000070000d38d000)]
  0x00007ffbfb910800 JavaThread "RMI TCP Accept-0" daemon [_thread_in_native, id=14339, stack(0x000070000d18a000,0x000070000d28a000)]
  0x00007ffbfb844000 JavaThread "Service Thread" daemon [_thread_blocked, id=17667, stack(0x000070000d087000,0x000070000d187000)]
  0x00007ffbfa857000 JavaThread "C1 CompilerThread2" daemon [_thread_blocked, id=13827, stack(0x000070000cf84000,0x000070000d084000)]
  0x00007ffbfb010000 JavaThread "C2 CompilerThread1" daemon [_thread_blocked, id=18179, stack(0x000070000ce81000,0x000070000cf81000)]
  0x00007ffbfa83b000 JavaThread "C2 CompilerThread0" daemon [_thread_blocked, id=18435, stack(0x000070000cd7e000,0x000070000ce7e000)]
  0x00007ffbfa800000 JavaThread "Signal Dispatcher" daemon [_thread_blocked, id=18947, stack(0x000070000cc7b000,0x000070000cd7b000)]
  0x00007ffbfb006000 JavaThread "Finalizer" daemon [_thread_blocked, id=20483, stack(0x000070000cb78000,0x000070000cc78000)]
  0x00007ffbfc00e000 JavaThread "Reference Handler" daemon [_thread_blocked, id=20995, stack(0x000070000ca75000,0x000070000cb75000)]

Other Threads:
  0x00007ffbfb81e000 VMThread [stack: 0x000070000c972000,0x000070000ca72000] [id=11779]
  0x00007ffbfb91f800 WatcherThread [stack: 0x000070000d493000,0x000070000d593000] [id=15107]

VM state:not at safepoint (normal execution)

VM Mutex/Monitor currently owned by a thread: None

Heap:
 PSYoungGen      total 137216K, used 105647K [0x00000007aab00000, 0x00000007b7800000, 0x00000007c0000000)
  eden space 125440K, 74% used [0x00000007aab00000,0x00000007b06aef60,0x00000007b2580000)
  from space 11776K, 99% used [0x00000007b2580000,0x00000007b30fcf10,0x00000007b3100000)
  to   space 15360K, 0% used [0x00000007b6900000,0x00000007b6900000,0x00000007b7800000)
 ParOldGen       total 57344K, used 25936K [0x0000000780000000, 0x0000000783800000, 0x00000007aab00000)
  object space 57344K, 45% used [0x0000000780000000,0x0000000781954260,0x0000000783800000)
 Metaspace       used 53590K, capacity 56278K, committed 56448K, reserved 1097728K
  class space    used 7526K, capacity 7985K, committed 8064K, reserved 1048576K

Card table byte_map: [0x00000001073c0000,0x00000001075c1000] byte_map_base: 0x00000001037c0000

Marking Bits: (ParMarkBitMap*) 0x00000001060916c0
 Begin Bits: [0x0000000107717000, 0x0000000108717000)
 End Bits:   [0x0000000108717000, 0x0000000109717000)

Polling page: 0x000000010678b000

CodeCache: size=245760Kb used=8890Kb max_used=8890Kb free=236869Kb
 bounds [0x000000010bf24000, 0x000000010c7e4000, 0x000000011af24000]
 total_blobs=5213 nmethods=4685 adapters=440
 compilation: enabled

Compilation events (10 events):
Event: 1382.408 Thread 0x00007ffbfa857000 4776       1       org.apache.coyote.Response::getWriteListener (5 bytes)
Event: 1382.408 Thread 0x00007ffbfa857000 nmethod 4776 0x000000010c7d4710 code [0x000000010c7d4860, 0x000000010c7d4970]
Event: 1382.408 Thread 0x00007ffbfa857000 4778       1       org.hibernate.engine.internal.EntityEntryContext$EntityEntryCrossRefImpl::getEntity (5 bytes)
Event: 1382.408 Thread 0x00007ffbfa857000 nmethod 4778 0x000000010c7d49d0 code [0x000000010c7d4b20, 0x000000010c7d4c30]
Event: 1382.408 Thread 0x00007ffbfa857000 4777       1       org.apache.tomcat.util.net.NioChannel::getIOChannel (5 bytes)
Event: 1382.409 Thread 0x00007ffbfa857000 nmethod 4777 0x000000010c7d4c90 code [0x000000010c7d4de0, 0x000000010c7d4ef0]
Event: 1442.525 Thread 0x00007ffbfa857000 4779       1       sun.rmi.transport.tcp.TCPEndpoint::getPort (5 bytes)
Event: 1442.526 Thread 0x00007ffbfa857000 nmethod 4779 0x000000010c7d4f50 code [0x000000010c7d50a0, 0x000000010c7d51b0]
Event: 1465.292 Thread 0x00007ffbfa857000 4780       1       org.apache.tomcat.util.http.parser.HttpParser$DomainParseState::mayContinue (5 bytes)
Event: 1465.292 Thread 0x00007ffbfa857000 nmethod 4780 0x000000010c7d5210 code [0x000000010c7d5360, 0x000000010c7d5470]

GC Heap History (10 events):
Event: 4.581 GC heap before
{Heap before GC invocations=9 (full 1):
 PSYoungGen      total 71680K, used 68576K [0x00000007aab00000, 0x00000007b1a00000, 0x00000007c0000000)
  eden space 65024K, 100% used [0x00000007aab00000,0x00000007aea80000,0x00000007aea80000)
  from space 6656K, 53% used [0x00000007aea80000,0x00000007aedf8370,0x00000007af100000)
  to   space 6656K, 0% used [0x00000007b1380000,0x00000007b1380000,0x00000007b1a00000)
 ParOldGen       total 34304K, used 6973K [0x0000000780000000, 0x0000000782180000, 0x00000007aab00000)
  object space 34304K, 20% used [0x0000000780000000,0x00000007806cf628,0x0000000782180000)
 Metaspace       used 26440K, capacity 27550K, committed 27776K, reserved 1073152K
  class space    used 3602K, capacity 3852K, committed 3968K, reserved 1048576K
Event: 4.593 GC heap after
Heap after GC invocations=9 (full 1):
 PSYoungGen      total 103936K, used 6646K [0x00000007aab00000, 0x00000007b1a00000, 0x00000007c0000000)
  eden space 97280K, 0% used [0x00000007aab00000,0x00000007aab00000,0x00000007b0a00000)
  from space 6656K, 99% used [0x00000007b1380000,0x00000007b19fd930,0x00000007b1a00000)
  to   space 8192K, 0% used [0x00000007b0a00000,0x00000007b0a00000,0x00000007b1200000)
 ParOldGen       total 34304K, used 8833K [0x0000000780000000, 0x0000000782180000, 0x00000007aab00000)
  object space 34304K, 25% used [0x0000000780000000,0x00000007808a04d0,0x0000000782180000)
 Metaspace       used 26440K, capacity 27550K, committed 27776K, reserved 1073152K
  class space    used 3602K, capacity 3852K, committed 3968K, reserved 1048576K
}
Event: 6.840 GC heap before
{Heap before GC invocations=10 (full 1):
 PSYoungGen      total 103936K, used 103926K [0x00000007aab00000, 0x00000007b1a00000, 0x00000007c0000000)
  eden space 97280K, 100% used [0x00000007aab00000,0x00000007b0a00000,0x00000007b0a00000)
  from space 6656K, 99% used [0x00000007b1380000,0x00000007b19fd930,0x00000007b1a00000)
  to   space 8192K, 0% used [0x00000007b0a00000,0x00000007b0a00000,0x00000007b1200000)
 ParOldGen       total 34304K, used 8833K [0x0000000780000000, 0x0000000782180000, 0x00000007aab00000)
  object space 34304K, 25% used [0x0000000780000000,0x00000007808a04d0,0x0000000782180000)
 Metaspace       used 33092K, capacity 34734K, committed 35072K, reserved 1079296K
  class space    used 4440K, capacity 4776K, committed 4864K, reserved 1048576K
Event: 6.884 GC heap after
Heap after GC invocations=10 (full 1):
 PSYoungGen      total 105472K, used 8175K [0x00000007aab00000, 0x00000007b3d00000, 0x00000007c0000000)
  eden space 97280K, 0% used [0x00000007aab00000,0x00000007aab00000,0x00000007b0a00000)
  from space 8192K, 99% used [0x00000007b0a00000,0x00000007b11fbfb8,0x00000007b1200000)
  to   space 12288K, 0% used [0x00000007b3100000,0x00000007b3100000,0x00000007b3d00000)
 ParOldGen       total 34304K, used 16819K [0x0000000780000000, 0x0000000782180000, 0x00000007aab00000)
  object space 34304K, 49% used [0x0000000780000000,0x000000078106cd00,0x0000000782180000)
 Metaspace       used 33092K, capacity 34734K, committed 35072K, reserved 1079296K
  class space    used 4440K, capacity 4776K, committed 4864K, reserved 1048576K
}
Event: 6.956 GC heap before
{Heap before GC invocations=11 (full 1):
 PSYoungGen      total 105472K, used 12371K [0x00000007aab00000, 0x00000007b3d00000, 0x00000007c0000000)
  eden space 97280K, 4% used [0x00000007aab00000,0x00000007aaf18ee0,0x00000007b0a00000)
  from space 8192K, 99% used [0x00000007b0a00000,0x00000007b11fbfb8,0x00000007b1200000)
  to   space 12288K, 0% used [0x00000007b3100000,0x00000007b3100000,0x00000007b3d00000)
 ParOldGen       total 34304K, used 16819K [0x0000000780000000, 0x0000000782180000, 0x00000007aab00000)
  object space 34304K, 49% used [0x0000000780000000,0x000000078106cd00,0x0000000782180000)
 Metaspace       used 33845K, capacity 35440K, committed 35496K, reserved 1079296K
  class space    used 4531K, capacity 4841K, committed 4864K, reserved 1048576K
Event: 6.989 GC heap after
Heap after GC invocations=11 (full 1):
 PSYoungGen      total 137728K, used 4476K [0x00000007aab00000, 0x00000007b4d00000, 0x00000007c0000000)
  eden space 125440K, 0% used [0x00000007aab00000,0x00000007aab00000,0x00000007b2580000)
  from space 12288K, 36% used [0x00000007b3100000,0x00000007b355f008,0x00000007b3d00000)
  to   space 11776K, 0% used [0x00000007b2580000,0x00000007b2580000,0x00000007b3100000)
 ParOldGen       total 34304K, used 20996K [0x0000000780000000, 0x0000000782180000, 0x00000007aab00000)
  object space 34304K, 61% used [0x0000000780000000,0x0000000781481058,0x0000000782180000)
 Metaspace       used 33845K, capacity 35440K, committed 35496K, reserved 1079296K
  class space    used 4531K, capacity 4841K, committed 4864K, reserved 1048576K
}
Event: 6.989 GC heap before
{Heap before GC invocations=12 (full 2):
 PSYoungGen      total 137728K, used 4476K [0x00000007aab00000, 0x00000007b4d00000, 0x00000007c0000000)
  eden space 125440K, 0% used [0x00000007aab00000,0x00000007aab00000,0x00000007b2580000)
  from space 12288K, 36% used [0x00000007b3100000,0x00000007b355f008,0x00000007b3d00000)
  to   space 11776K, 0% used [0x00000007b2580000,0x00000007b2580000,0x00000007b3100000)
 ParOldGen       total 34304K, used 20996K [0x0000000780000000, 0x0000000782180000, 0x00000007aab00000)
  object space 34304K, 61% used [0x0000000780000000,0x0000000781481058,0x0000000782180000)
 Metaspace       used 33845K, capacity 35440K, committed 35496K, reserved 1079296K
  class space    used 4531K, capacity 4841K, committed 4864K, reserved 1048576K
Event: 7.127 GC heap after
Heap after GC invocations=12 (full 2):
 PSYoungGen      total 137728K, used 0K [0x00000007aab00000, 0x00000007b4d00000, 0x00000007c0000000)
  eden space 125440K, 0% used [0x00000007aab00000,0x00000007aab00000,0x00000007b2580000)
  from space 12288K, 0% used [0x00000007b3100000,0x00000007b3100000,0x00000007b3d00000)
  to   space 11776K, 0% used [0x00000007b2580000,0x00000007b2580000,0x00000007b3100000)
 ParOldGen       total 57344K, used 21146K [0x0000000780000000, 0x0000000783800000, 0x00000007aab00000)
  object space 57344K, 36% used [0x0000000780000000,0x00000007814a6868,0x0000000783800000)
 Metaspace       used 33845K, capacity 35440K, committed 35496K, reserved 1079296K
  class space    used 4531K, capacity 4841K, committed 4864K, reserved 1048576K
}
Event: 10.084 GC heap before
{Heap before GC invocations=13 (full 2):
 PSYoungGen      total 137728K, used 125440K [0x00000007aab00000, 0x00000007b4d00000, 0x00000007c0000000)
  eden space 125440K, 100% used [0x00000007aab00000,0x00000007b2580000,0x00000007b2580000)
  from space 12288K, 0% used [0x00000007b3100000,0x00000007b3100000,0x00000007b3d00000)
  to   space 11776K, 0% used [0x00000007b2580000,0x00000007b2580000,0x00000007b3100000)
 ParOldGen       total 57344K, used 21146K [0x0000000780000000, 0x0000000783800000, 0x00000007aab00000)
  object space 57344K, 36% used [0x0000000780000000,0x00000007814a6868,0x0000000783800000)
 Metaspace       used 47325K, capacity 49558K, committed 49664K, reserved 1091584K
  class space    used 6704K, capacity 7135K, committed 7168K, reserved 1048576K
Event: 10.108 GC heap after
Heap after GC invocations=13 (full 2):
 PSYoungGen      total 137216K, used 11763K [0x00000007aab00000, 0x00000007b7800000, 0x00000007c0000000)
  eden space 125440K, 0% used [0x00000007aab00000,0x00000007aab00000,0x00000007b2580000)
  from space 11776K, 99% used [0x00000007b2580000,0x00000007b30fcf10,0x00000007b3100000)
  to   space 15360K, 0% used [0x00000007b6900000,0x00000007b6900000,0x00000007b7800000)
 ParOldGen       total 57344K, used 25936K [0x0000000780000000, 0x0000000783800000, 0x00000007aab00000)
  object space 57344K, 45% used [0x0000000780000000,0x0000000781954260,0x0000000783800000)
 Metaspace       used 47325K, capacity 49558K, committed 49664K, reserved 1091584K
  class space    used 6704K, capacity 7135K, committed 7168K, reserved 1048576K
}

Deoptimization events (0 events):
No events

Classes redefined (0 events):
No events

Internal exceptions (10 events):
Event: 17.533 Thread 0x00007ffbfb971000 Exception <a 'java/lang/ClassNotFoundException': org/springframework/context/support/LiveBeansView> (0x00000007afe3f130) thrown at [/Users/java_re/workspace/8-2-build-macosx-x86_64/jdk8u152/9742/hotspot/src/share/vm/classfile/systemDictionary.cpp, line 21
Event: 17.533 Thread 0x00007ffbfb971000 Exception <a 'java/lang/ClassNotFoundException': org/springframework/boot/actuate/endpoint/jmx/EndpointMBean> (0x00000007afe51740) thrown at [/Users/java_re/workspace/8-2-build-macosx-x86_64/jdk8u152/9742/hotspot/src/share/vm/classfile/systemDictionary.cp
Event: 17.533 Thread 0x00007ffbfb971000 Exception <a 'java/lang/ClassNotFoundException': org/springframework/boot/actuate/endpoint/jmx/DataEndpointMBean> (0x00000007afe51ca0) thrown at [/Users/java_re/workspace/8-2-build-macosx-x86_64/jdk8u152/9742/hotspot/src/share/vm/classfile/systemDictionar
Event: 17.533 Thread 0x00007ffbfb971000 Exception <a 'java/lang/ClassNotFoundException': org/springframework/context/support/LiveBeansView> (0x00000007afe521e8) thrown at [/Users/java_re/workspace/8-2-build-macosx-x86_64/jdk8u152/9742/hotspot/src/share/vm/classfile/systemDictionary.cpp, line 21
Event: 17.534 Thread 0x00007ffbfb971000 Exception <a 'java/lang/ClassNotFoundException': org/springframework/boot/actuate/endpoint/jmx/EndpointMBean> (0x00000007afebefe0) thrown at [/Users/java_re/workspace/8-2-build-macosx-x86_64/jdk8u152/9742/hotspot/src/share/vm/classfile/systemDictionary.cp
Event: 17.534 Thread 0x00007ffbfb971000 Exception <a 'java/lang/ClassNotFoundException': org/springframework/boot/actuate/endpoint/jmx/DataEndpointMBean> (0x00000007afebf540) thrown at [/Users/java_re/workspace/8-2-build-macosx-x86_64/jdk8u152/9742/hotspot/src/share/vm/classfile/systemDictionar
Event: 17.534 Thread 0x00007ffbfb971000 Exception <a 'java/lang/ClassNotFoundException': org/springframework/context/support/LiveBeansView> (0x00000007afebfa88) thrown at [/Users/java_re/workspace/8-2-build-macosx-x86_64/jdk8u152/9742/hotspot/src/share/vm/classfile/systemDictionary.cpp, line 21
Event: 17.535 Thread 0x00007ffbfb971000 Exception <a 'java/lang/ClassNotFoundException': org/springframework/boot/actuate/endpoint/jmx/EndpointMBean> (0x00000007afebfdb8) thrown at [/Users/java_re/workspace/8-2-build-macosx-x86_64/jdk8u152/9742/hotspot/src/share/vm/classfile/systemDictionary.cp
Event: 17.535 Thread 0x00007ffbfb971000 Exception <a 'java/lang/ClassNotFoundException': org/springframework/boot/actuate/endpoint/jmx/DataEndpointMBean> (0x00000007afec02d8) thrown at [/Users/java_re/workspace/8-2-build-macosx-x86_64/jdk8u152/9742/hotspot/src/share/vm/classfile/systemDictionar
Event: 17.535 Thread 0x00007ffbfb971000 Exception <a 'java/lang/ClassNotFoundException': org/springframework/context/support/LiveBeansView> (0x00000007afec07e0) thrown at [/Users/java_re/workspace/8-2-build-macosx-x86_64/jdk8u152/9742/hotspot/src/share/vm/classfile/systemDictionary.cpp, line 21

Events (10 events):
Event: 1011.598 Thread 0x00007ffbfa857000 flushing nmethod 0x000000010c3512d0
Event: 1011.598 Thread 0x00007ffbfa857000 flushing nmethod 0x000000010c353410
Event: 1022.460 Thread 0x00007ffbfa857000 flushing nmethod 0x000000010c3d0510
Event: 1186.582 Thread 0x00007ffbfa857000 flushing nmethod 0x000000010c601190
Event: 1201.377 Thread 0x00007ffbfa857000 flushing nmethod 0x000000010c681b10
Event: 1202.348 Thread 0x00007ffbfa857000 flushing nmethod 0x000000010c6c0950
Event: 1202.349 Thread 0x00007ffbfa857000 flushing nmethod 0x000000010c6cd650
Event: 1202.353 Thread 0x00007ffbfa857000 flushing nmethod 0x000000010c71ee10
Event: 1246.797 Executing VM operation: RevokeBias
Event: 1246.798 Executing VM operation: RevokeBias done


Dynamic libraries:
0x000000001320c000 	/System/Library/Frameworks/Cocoa.framework/Versions/A/Cocoa
0x000000001320c000 	/System/Library/Frameworks/Security.framework/Versions/A/Security
0x000000001320c000 	/System/Library/Frameworks/ApplicationServices.framework/Versions/A/ApplicationServices
0x000000001320c000 	/usr/lib/libz.1.dylib
0x000000001320c000 	/usr/lib/libSystem.B.dylib
0x000000001320c000 	/usr/lib/libobjc.A.dylib
0x000000001320c000 	/System/Library/Frameworks/CoreFoundation.framework/Versions/A/CoreFoundation
0x000000001320c000 	/System/Library/Frameworks/Foundation.framework/Versions/C/Foundation
0x000000001320c000 	/System/Library/Frameworks/AppKit.framework/Versions/C/AppKit
0x000000001320c000 	/System/Library/Frameworks/CoreData.framework/Versions/A/CoreData
0x000000001320c000 	/System/Library/PrivateFrameworks/RemoteViewServices.framework/Versions/A/RemoteViewServices
0x000000001320c000 	/System/Library/PrivateFrameworks/UIFoundation.framework/Versions/A/UIFoundation
0x000000001320c000 	/System/Library/PrivateFrameworks/XCTTargetBootstrap.framework/Versions/A/XCTTargetBootstrap
0x000000001320c000 	/System/Library/PrivateFrameworks/IconServices.framework/Versions/A/IconServices
0x000000001320c000 	/System/Library/Frameworks/Metal.framework/Versions/A/Metal
0x000000001320c000 	/System/Library/PrivateFrameworks/DesktopServicesPriv.framework/Versions/A/DesktopServicesPriv
0x000000001320c000 	/usr/lib/libenergytrace.dylib
0x000000001320c000 	/System/Library/PrivateFrameworks/SkyLight.framework/Versions/A/SkyLight
0x000000001320c000 	/System/Library/Frameworks/CoreGraphics.framework/Versions/A/CoreGraphics
0x000000001320c000 	/System/Library/Frameworks/Accelerate.framework/Versions/A/Accelerate
0x000000001320c000 	/System/Library/Frameworks/IOSurface.framework/Versions/A/IOSurface
0x000000001320c000 	/System/Library/PrivateFrameworks/DFRFoundation.framework/Versions/A/DFRFoundation
0x000000001320c000 	/System/Library/Frameworks/AudioToolbox.framework/Versions/A/AudioToolbox
0x000000001320c000 	/System/Library/Frameworks/AudioUnit.framework/Versions/A/AudioUnit
0x000000001320c000 	/System/Library/PrivateFrameworks/DataDetectorsCore.framework/Versions/A/DataDetectorsCore
0x000000001320c000 	/System/Library/Frameworks/Carbon.framework/Versions/A/Frameworks/HIToolbox.framework/Versions/A/HIToolbox
0x000000001320c000 	/usr/lib/libicucore.A.dylib
0x000000001320c000 	/System/Library/Frameworks/QuartzCore.framework/Versions/A/QuartzCore
0x000000001320c000 	/System/Library/Frameworks/Carbon.framework/Versions/A/Frameworks/SpeechRecognition.framework/Versions/A/SpeechRecognition
0x000000001320c000 	/usr/lib/libauto.dylib
0x000000001320c000 	/usr/lib/libxml2.2.dylib
0x000000001320c000 	/System/Library/PrivateFrameworks/CoreUI.framework/Versions/A/CoreUI
0x000000001320c000 	/System/Library/Frameworks/CoreAudio.framework/Versions/A/CoreAudio
0x000000001320c000 	/System/Library/Frameworks/DiskArbitration.framework/Versions/A/DiskArbitration
0x000000001320c000 	/usr/lib/liblangid.dylib
0x000000001320c000 	/System/Library/PrivateFrameworks/MultitouchSupport.framework/Versions/A/MultitouchSupport
0x000000001320c000 	/System/Library/Frameworks/IOKit.framework/Versions/A/IOKit
0x000000001320c000 	/usr/lib/libDiagnosticMessagesClient.dylib
0x000000001320c000 	/System/Library/Frameworks/CoreServices.framework/Versions/A/CoreServices
0x000000001320c000 	/System/Library/PrivateFrameworks/PerformanceAnalysis.framework/Versions/A/PerformanceAnalysis
0x000000001320c000 	/System/Library/Frameworks/OpenGL.framework/Versions/A/OpenGL
0x000000001320c000 	/System/Library/Frameworks/ColorSync.framework/Versions/A/ColorSync
0x000000001320c000 	/System/Library/Frameworks/CoreImage.framework/Versions/A/CoreImage
0x000000001320c000 	/System/Library/Frameworks/CoreText.framework/Versions/A/CoreText
0x000000001320c000 	/System/Library/Frameworks/ImageIO.framework/Versions/A/ImageIO
0x000000001320c000 	/System/Library/PrivateFrameworks/Backup.framework/Versions/A/Backup
0x000000001320c000 	/usr/lib/libarchive.2.dylib
0x000000001320c000 	/System/Library/Frameworks/CFNetwork.framework/Versions/A/CFNetwork
0x000000001320c000 	/System/Library/Frameworks/SystemConfiguration.framework/Versions/A/SystemConfiguration
0x000000001320c000 	/usr/lib/libCRFSuite.dylib
0x000000001320c000 	/usr/lib/libc++.1.dylib
0x000000001320c000 	/usr/lib/libc++abi.dylib
0x000000001320c000 	/usr/lib/system/libcache.dylib
0x000000001320c000 	/usr/lib/system/libcommonCrypto.dylib
0x000000001320c000 	/usr/lib/system/libcompiler_rt.dylib
0x000000001320c000 	/usr/lib/system/libcopyfile.dylib
0x000000001320c000 	/usr/lib/system/libcorecrypto.dylib
0x000000001320c000 	/usr/lib/system/libdispatch.dylib
0x000000001320c000 	/usr/lib/system/libdyld.dylib
0x000000001320c000 	/usr/lib/system/libkeymgr.dylib
0x000000001320c000 	/usr/lib/system/liblaunch.dylib
0x000000001320c000 	/usr/lib/system/libmacho.dylib
0x000000001320c000 	/usr/lib/system/libquarantine.dylib
0x000000001320c000 	/usr/lib/system/libremovefile.dylib
0x000000001320c000 	/usr/lib/system/libsystem_asl.dylib
0x000000001320c000 	/usr/lib/system/libsystem_blocks.dylib
0x000000001320c000 	/usr/lib/system/libsystem_c.dylib
0x000000001320c000 	/usr/lib/system/libsystem_configuration.dylib
0x000000001320c000 	/usr/lib/system/libsystem_coreservices.dylib
0x000000001320c000 	/usr/lib/system/libsystem_darwin.dylib
0x000000001320c000 	/usr/lib/system/libsystem_dnssd.dylib
0x000000001320c000 	/usr/lib/system/libsystem_info.dylib
0x000000001320c000 	/usr/lib/system/libsystem_m.dylib
0x000000001320c000 	/usr/lib/system/libsystem_malloc.dylib
0x000000001320c000 	/usr/lib/system/libsystem_networkextension.dylib
0x000000001320c000 	/usr/lib/system/libsystem_notify.dylib
0x000000001320c000 	/usr/lib/system/libsystem_sandbox.dylib
0x000000001320c000 	/usr/lib/system/libsystem_secinit.dylib
0x000000001320c000 	/usr/lib/system/libsystem_kernel.dylib
0x000000001320c000 	/usr/lib/system/libsystem_platform.dylib
0x000000001320c000 	/usr/lib/system/libsystem_pthread.dylib
0x000000001320c000 	/usr/lib/system/libsystem_symptoms.dylib
0x000000001320c000 	/usr/lib/system/libsystem_trace.dylib
0x000000001320c000 	/usr/lib/system/libunwind.dylib
0x000000001320c000 	/usr/lib/system/libxpc.dylib
0x000000001320c000 	/usr/lib/libbsm.0.dylib
0x000000001320c000 	/usr/lib/system/libkxld.dylib
0x000000001320c000 	/System/Library/PrivateFrameworks/AppleFSCompression.framework/Versions/A/AppleFSCompression
0x000000001320c000 	/usr/lib/libOpenScriptingUtil.dylib
0x000000001320c000 	/usr/lib/libcoretls.dylib
0x000000001320c000 	/usr/lib/libcoretls_cfhelpers.dylib
0x000000001320c000 	/usr/lib/libpam.2.dylib
0x000000001320c000 	/usr/lib/libsqlite3.dylib
0x000000001320c000 	/usr/lib/libxar.1.dylib
0x000000001320c000 	/usr/lib/libbz2.1.0.dylib
0x000000001320c000 	/usr/lib/liblzma.5.dylib
0x000000001320c000 	/usr/lib/libnetwork.dylib
0x000000001320c000 	/usr/lib/libapple_nghttp2.dylib
0x000000001320c000 	/usr/lib/libpcap.A.dylib
0x000000001320c000 	/System/Library/Frameworks/CoreServices.framework/Versions/A/Frameworks/FSEvents.framework/Versions/A/FSEvents
0x000000001320c000 	/System/Library/Frameworks/CoreServices.framework/Versions/A/Frameworks/CarbonCore.framework/Versions/A/CarbonCore
0x000000001320c000 	/System/Library/Frameworks/CoreServices.framework/Versions/A/Frameworks/Metadata.framework/Versions/A/Metadata
0x000000001320c000 	/System/Library/Frameworks/CoreServices.framework/Versions/A/Frameworks/OSServices.framework/Versions/A/OSServices
0x000000001320c000 	/System/Library/Frameworks/CoreServices.framework/Versions/A/Frameworks/SearchKit.framework/Versions/A/SearchKit
0x000000001320c000 	/System/Library/Frameworks/CoreServices.framework/Versions/A/Frameworks/AE.framework/Versions/A/AE
0x000000001320c000 	/System/Library/Frameworks/CoreServices.framework/Versions/A/Frameworks/LaunchServices.framework/Versions/A/LaunchServices
0x000000001320c000 	/System/Library/Frameworks/CoreServices.framework/Versions/A/Frameworks/DictionaryServices.framework/Versions/A/DictionaryServices
0x000000001320c000 	/System/Library/Frameworks/CoreServices.framework/Versions/A/Frameworks/SharedFileList.framework/Versions/A/SharedFileList
0x000000001320c000 	/System/Library/Frameworks/NetFS.framework/Versions/A/NetFS
0x000000001320c000 	/System/Library/PrivateFrameworks/NetAuth.framework/Versions/A/NetAuth
0x000000001320c000 	/System/Library/PrivateFrameworks/login.framework/Versions/A/Frameworks/loginsupport.framework/Versions/A/loginsupport
0x000000001320c000 	/System/Library/PrivateFrameworks/TCC.framework/Versions/A/TCC
0x000000001320c000 	/System/Library/PrivateFrameworks/CoreNLP.framework/Versions/A/CoreNLP
0x000000001320c000 	/System/Library/PrivateFrameworks/MetadataUtilities.framework/Versions/A/MetadataUtilities
0x000000001320c000 	/usr/lib/libmecabra.dylib
0x000000001320c000 	/System/Library/Frameworks/ApplicationServices.framework/Versions/A/Frameworks/ATS.framework/Versions/A/ATS
0x000000001320c000 	/System/Library/Frameworks/ApplicationServices.framework/Versions/A/Frameworks/ColorSyncLegacy.framework/Versions/A/ColorSyncLegacy
0x000000001320c000 	/System/Library/Frameworks/ApplicationServices.framework/Versions/A/Frameworks/HIServices.framework/Versions/A/HIServices
0x000000001320c000 	/System/Library/Frameworks/ApplicationServices.framework/Versions/A/Frameworks/LangAnalysis.framework/Versions/A/LangAnalysis
0x000000001320c000 	/System/Library/Frameworks/ApplicationServices.framework/Versions/A/Frameworks/PrintCore.framework/Versions/A/PrintCore
0x000000001320c000 	/System/Library/Frameworks/ApplicationServices.framework/Versions/A/Frameworks/QD.framework/Versions/A/QD
0x000000001320c000 	/System/Library/Frameworks/ApplicationServices.framework/Versions/A/Frameworks/SpeechSynthesis.framework/Versions/A/SpeechSynthesis
0x000000001320c000 	/usr/lib/libcompression.dylib
0x000000001320c000 	/System/Library/Frameworks/CoreDisplay.framework/Versions/A/CoreDisplay
0x000000001320c000 	/System/Library/Frameworks/MetalPerformanceShaders.framework/Versions/A/MetalPerformanceShaders
0x000000001320c000 	/System/Library/Frameworks/Accelerate.framework/Versions/A/Frameworks/vImage.framework/Versions/A/vImage
0x000000001320c000 	/System/Library/Frameworks/Accelerate.framework/Versions/A/Frameworks/vecLib.framework/Versions/A/vecLib
0x000000001320c000 	/System/Library/Frameworks/Accelerate.framework/Versions/A/Frameworks/vecLib.framework/Versions/A/libvMisc.dylib
0x000000001320c000 	/System/Library/Frameworks/Accelerate.framework/Versions/A/Frameworks/vecLib.framework/Versions/A/libvDSP.dylib
0x000000001320c000 	/System/Library/Frameworks/Accelerate.framework/Versions/A/Frameworks/vecLib.framework/Versions/A/libBLAS.dylib
0x000000001320c000 	/System/Library/Frameworks/Accelerate.framework/Versions/A/Frameworks/vecLib.framework/Versions/A/libLAPACK.dylib
0x000000001320c000 	/System/Library/Frameworks/Accelerate.framework/Versions/A/Frameworks/vecLib.framework/Versions/A/libLinearAlgebra.dylib
0x000000001320c000 	/System/Library/Frameworks/Accelerate.framework/Versions/A/Frameworks/vecLib.framework/Versions/A/libSparseBLAS.dylib
0x000000001320c000 	/System/Library/Frameworks/Accelerate.framework/Versions/A/Frameworks/vecLib.framework/Versions/A/libQuadrature.dylib
0x000000001320c000 	/System/Library/Frameworks/Accelerate.framework/Versions/A/Frameworks/vecLib.framework/Versions/A/libBNNS.dylib
0x000000001320c000 	/System/Library/Frameworks/Accelerate.framework/Versions/A/Frameworks/vecLib.framework/Versions/A/libSparse.dylib
0x000000001320c000 	/System/Library/PrivateFrameworks/GPUWrangler.framework/Versions/A/GPUWrangler
0x000000001320c000 	/System/Library/PrivateFrameworks/IOAccelerator.framework/Versions/A/IOAccelerator
0x000000001320c000 	/System/Library/PrivateFrameworks/IOPresentment.framework/Versions/A/IOPresentment
0x000000001320c000 	/System/Library/PrivateFrameworks/DSExternalDisplay.framework/Versions/A/DSExternalDisplay
0x000000001320c000 	/System/Library/Frameworks/OpenGL.framework/Versions/A/Libraries/libCoreFSCache.dylib
0x000000001320c000 	/System/Library/Frameworks/MetalPerformanceShaders.framework/Frameworks/MPSCore.framework/Versions/A/MPSCore
0x000000001320c000 	/System/Library/Frameworks/MetalPerformanceShaders.framework/Frameworks/MPSImage.framework/Versions/A/MPSImage
0x000000001320c000 	/System/Library/Frameworks/MetalPerformanceShaders.framework/Frameworks/MPSNeuralNetwork.framework/Versions/A/MPSNeuralNetwork
0x000000001320c000 	/System/Library/Frameworks/MetalPerformanceShaders.framework/Frameworks/MPSMatrix.framework/Versions/A/MPSMatrix
0x000000001320c000 	/System/Library/Frameworks/MetalPerformanceShaders.framework/Frameworks/MPSRayIntersector.framework/Versions/A/MPSRayIntersector
0x000000001320c000 	/System/Library/PrivateFrameworks/MetalTools.framework/Versions/A/MetalTools
0x000000001320c000 	/System/Library/PrivateFrameworks/AggregateDictionary.framework/Versions/A/AggregateDictionary
0x000000001320c000 	/usr/lib/libMobileGestalt.dylib
0x000000001320c000 	/System/Library/Frameworks/CoreVideo.framework/Versions/A/CoreVideo
0x000000001320c000 	/System/Library/PrivateFrameworks/GraphVisualizer.framework/Versions/A/GraphVisualizer
0x000000001320c000 	/System/Library/PrivateFrameworks/FaceCore.framework/Versions/A/FaceCore
0x000000001320c000 	/System/Library/Frameworks/OpenCL.framework/Versions/A/OpenCL
0x000000001320c000 	/usr/lib/libFosl_dynamic.dylib
0x000000001320c000 	/System/Library/PrivateFrameworks/OTSVG.framework/Versions/A/OTSVG
0x000000001320c000 	/System/Library/Frameworks/ApplicationServices.framework/Versions/A/Frameworks/ATS.framework/Versions/A/Resources/libFontParser.dylib
0x000000001320c000 	/System/Library/Frameworks/ApplicationServices.framework/Versions/A/Frameworks/ATS.framework/Versions/A/Resources/libFontRegistry.dylib
0x000000001320c000 	/System/Library/Frameworks/ImageIO.framework/Versions/A/Resources/libJPEG.dylib
0x000000001320c000 	/System/Library/Frameworks/ImageIO.framework/Versions/A/Resources/libTIFF.dylib
0x000000001320c000 	/System/Library/Frameworks/ImageIO.framework/Versions/A/Resources/libPng.dylib
0x000000001320c000 	/System/Library/Frameworks/ImageIO.framework/Versions/A/Resources/libGIF.dylib
0x000000001320c000 	/System/Library/Frameworks/ImageIO.framework/Versions/A/Resources/libJP2.dylib
0x000000001320c000 	/System/Library/Frameworks/ImageIO.framework/Versions/A/Resources/libRadiance.dylib
0x000000001320c000 	/System/Library/PrivateFrameworks/AppleJPEG.framework/Versions/A/AppleJPEG
0x000000001320c000 	/System/Library/Frameworks/OpenGL.framework/Versions/A/Libraries/libGFXShared.dylib
0x000000001320c000 	/System/Library/Frameworks/OpenGL.framework/Versions/A/Libraries/libGLU.dylib
0x000000001320c000 	/System/Library/Frameworks/OpenGL.framework/Versions/A/Libraries/libGL.dylib
0x000000001320c000 	/System/Library/Frameworks/OpenGL.framework/Versions/A/Libraries/libGLImage.dylib
0x000000001320c000 	/System/Library/Frameworks/OpenGL.framework/Versions/A/Libraries/libCVMSPluginSupport.dylib
0x000000001320c000 	/System/Library/Frameworks/OpenGL.framework/Versions/A/Libraries/libCoreVMClient.dylib
0x000000001320c000 	/usr/lib/libcups.2.dylib
0x000000001320c000 	/System/Library/Frameworks/Kerberos.framework/Versions/A/Kerberos
0x000000001320c000 	/System/Library/Frameworks/GSS.framework/Versions/A/GSS
0x000000001320c000 	/usr/lib/libresolv.9.dylib
0x000000001320c000 	/usr/lib/libiconv.2.dylib
0x000000001320c000 	/System/Library/PrivateFrameworks/Heimdal.framework/Versions/A/Heimdal
0x000000001320c000 	/usr/lib/libheimdal-asn1.dylib
0x000000001320c000 	/System/Library/Frameworks/OpenDirectory.framework/Versions/A/OpenDirectory
0x000000001320c000 	/System/Library/PrivateFrameworks/CommonAuth.framework/Versions/A/CommonAuth
0x000000001320c000 	/System/Library/Frameworks/OpenDirectory.framework/Versions/A/Frameworks/CFOpenDirectory.framework/Versions/A/CFOpenDirectory
0x000000001320c000 	/System/Library/Frameworks/SecurityFoundation.framework/Versions/A/SecurityFoundation
0x000000001320c000 	/System/Library/PrivateFrameworks/APFS.framework/Versions/A/APFS
0x000000001320c000 	/usr/lib/libutil.dylib
0x000000001320c000 	/usr/lib/libcharset.1.dylib
0x000000001320c000 	/System/Library/PrivateFrameworks/AppleSauce.framework/Versions/A/AppleSauce
0x000000001320c000 	/System/Library/PrivateFrameworks/AssertionServices.framework/Versions/A/AssertionServices
0x000000001320c000 	/System/Library/PrivateFrameworks/BaseBoard.framework/Versions/A/BaseBoard
0x000000001320c000 	/usr/lib/libmecab.1.0.0.dylib
0x000000001320c000 	/usr/lib/libgermantok.dylib
0x000000001320c000 	/usr/lib/libThaiTokenizer.dylib
0x000000001320c000 	/usr/lib/libChineseTokenizer.dylib
0x000000001320c000 	/System/Library/PrivateFrameworks/LanguageModeling.framework/Versions/A/LanguageModeling
0x000000001320c000 	/System/Library/PrivateFrameworks/CoreEmoji.framework/Versions/A/CoreEmoji
0x000000001320c000 	/System/Library/PrivateFrameworks/Lexicon.framework/Versions/A/Lexicon
0x000000001320c000 	/System/Library/PrivateFrameworks/LinguisticData.framework/Versions/A/LinguisticData
0x000000001320c000 	/usr/lib/libcmph.dylib
0x000000001320c000 	/System/Library/Frameworks/ServiceManagement.framework/Versions/A/ServiceManagement
0x000000001320c000 	/System/Library/PrivateFrameworks/BackgroundTaskManagement.framework/Versions/A/BackgroundTaskManagement
0x000000001320c000 	/usr/lib/libxslt.1.dylib
0x000000001320c000 	/System/Library/Frameworks/Carbon.framework/Versions/A/Frameworks/Ink.framework/Versions/A/Ink
0x000000001320c000 	/System/Library/PrivateFrameworks/TextureIO.framework/Versions/A/TextureIO
0x000000001320c000 	/usr/lib/libate.dylib
0x000000001320c000 	/System/Library/PrivateFrameworks/CrashReporterSupport.framework/Versions/A/CrashReporterSupport
0x000000001320c000 	/System/Library/PrivateFrameworks/Sharing.framework/Versions/A/Sharing
0x000000001320c000 	/System/Library/PrivateFrameworks/AuthKit.framework/Versions/A/AuthKit
0x000000001320c000 	/System/Library/PrivateFrameworks/Apple80211.framework/Versions/A/Apple80211
0x000000001320c000 	/System/Library/PrivateFrameworks/CoreUtils.framework/Versions/A/CoreUtils
0x000000001320c000 	/System/Library/Frameworks/CoreWLAN.framework/Versions/A/CoreWLAN
0x000000001320c000 	/System/Library/Frameworks/IOBluetooth.framework/Versions/A/IOBluetooth
0x000000001320c000 	/System/Library/PrivateFrameworks/ProtocolBuffer.framework/Versions/A/ProtocolBuffer
0x000000001320c000 	/System/Library/PrivateFrameworks/MobileKeyBag.framework/Versions/A/MobileKeyBag
0x000000001320c000 	/System/Library/PrivateFrameworks/CorePhoneNumbers.framework/Versions/A/CorePhoneNumbers
0x000000001320c000 	/System/Library/PrivateFrameworks/AppleIDAuthSupport.framework/Versions/A/AppleIDAuthSupport
0x000000001320c000 	/System/Library/PrivateFrameworks/KeychainCircle.framework/Versions/A/KeychainCircle
0x000000001320c000 	/System/Library/PrivateFrameworks/ROCKit.framework/Versions/A/ROCKit
0x000000001320c000 	/System/Library/PrivateFrameworks/CoreWiFi.framework/Versions/A/CoreWiFi
0x000000001320c000 	/System/Library/Frameworks/CoreBluetooth.framework/Versions/A/CoreBluetooth
0x000000001320c000 	/System/Library/PrivateFrameworks/DebugSymbols.framework/Versions/A/DebugSymbols
0x000000001320c000 	/System/Library/PrivateFrameworks/CoreSymbolication.framework/Versions/A/CoreSymbolication
0x000000001320c000 	/System/Library/PrivateFrameworks/Symbolication.framework/Versions/A/Symbolication
0x000000001320c000 	/System/Library/PrivateFrameworks/SpeechRecognitionCore.framework/Versions/A/SpeechRecognitionCore
0x000000010579b000 	/Library/Java/JavaVirtualMachines/jdk1.8.0_152.jdk/Contents/Home/jre/lib/server/libjvm.dylib
0x000000001320c000 	/usr/lib/libstdc++.6.dylib
0x0000000106747000 	/Library/Java/JavaVirtualMachines/jdk1.8.0_152.jdk/Contents/Home/jre/lib/libverify.dylib
0x0000000106755000 	/Library/Java/JavaVirtualMachines/jdk1.8.0_152.jdk/Contents/Home/jre/lib/libjava.dylib
0x00000001067d5000 	/Library/Java/JavaVirtualMachines/jdk1.8.0_152.jdk/Contents/Home/jre/lib/libzip.dylib
0x000000010b3eb000 	/Library/Java/JavaVirtualMachines/jdk1.8.0_152.jdk/Contents/Home/jre/lib/libmanagement.dylib
0x000000010b3f9000 	/Library/Java/JavaVirtualMachines/jdk1.8.0_152.jdk/Contents/Home/jre/lib/libnet.dylib
0x000000010b458000 	/Library/Java/JavaVirtualMachines/jdk1.8.0_152.jdk/Contents/Home/jre/lib/libnio.dylib

VM Arguments:
jvm_args: -Dcom.sun.management.jmxremote -Dcom.sun.management.jmxremote.port=49475 -Dcom.sun.management.jmxremote.authenticate=false -Dcom.sun.management.jmxremote.ssl=false -Djava.rmi.server.hostname=localhost -Dspring.jmx.enabled=true -Dspring.application.admin.enabled=true -Djava.security.egd=file:/dev/./urandom -Xverify:none -XX:TieredStopAtLevel=1 -Dfile.encoding=UTF-8 
java_command: com.category.demo.CategoryProductServiceApplication --spring.output.ansi.enabled=always
java_class_path (initial): /Users/ashutoshd/Documents/myWorkspace2/category-product-service/target/classes:/Users/ashutoshd/.m2/repository/org/springframework/boot/spring-boot-starter-data-jpa/2.1.4.RELEASE/spring-boot-starter-data-jpa-2.1.4.RELEASE.jar:/Users/ashutoshd/.m2/repository/org/springframework/boot/spring-boot-starter-aop/2.1.4.RELEASE/spring-boot-starter-aop-2.1.4.RELEASE.jar:/Users/ashutoshd/.m2/repository/org/springframework/spring-aop/5.1.6.RELEASE/spring-aop-5.1.6.RELEASE.jar:/Users/ashutoshd/.m2/repository/org/aspectj/aspectjweaver/1.9.2/aspectjweaver-1.9.2.jar:/Users/ashutoshd/.m2/repository/org/springframework/boot/spring-boot-starter-jdbc/2.1.4.RELEASE/spring-boot-starter-jdbc-2.1.4.RELEASE.jar:/Users/ashutoshd/.m2/repository/com/zaxxer/HikariCP/3.2.0/HikariCP-3.2.0.jar:/Users/ashutoshd/.m2/repository/org/springframework/spring-jdbc/5.1.6.RELEASE/spring-jdbc-5.1.6.RELEASE.jar:/Users/ashutoshd/.m2/repository/javax/transaction/javax.transaction-api/1.3/javax.transaction-api-1.3.jar:/Users/ashutoshd/.m2/repository/javax/xml/bind/jaxb-api/2.3.1/jaxb-api-2.3.1.jar:/Users/ashutoshd/.m2/repository/javax/activation/javax.activation-api/1.2.0/javax.activation-api-1.2.0.jar:/Users/ashutoshd/.m2/repository/org/hibernate/hibernate-core/5.3.9.Final/hibernate-core-5.3.9.Final.jar:/Users/ashutoshd/.m2/repository/org/jboss/logging/jboss-logging/3.3.2.Final/jboss-logging-3.3.2.Final.jar:/Users/ashutoshd/.m2/repository/javax/persistence/javax.persistence-api/2.2/javax.persistence-api-2.2.jar:/Users/ashutoshd/.m2/repository/org/javassist/javassist/3.23.1-GA/javassist-3.23.1-GA.jar:/Users/ashutoshd/.m2/repository/net/bytebuddy/byte-buddy/1.9.12/byte-buddy-1.9.12.jar:/Users/ashutoshd/.m2/repository/antlr/antlr/2.7.7/antlr-2.7.7.jar:/Users/ashutoshd/.m2/repository/org/jboss/jandex/2.0.5.Final/jandex-2.0.5.Final.jar:/Users/ashutoshd/.m2/repository/com/fasterxml/classmate/1.4.0/classmate-1.4.0.jar:/Users/ashutoshd/.m2/repository/org/dom4j/dom4j/2.1.1/dom4j-2.1.1.jar:/
Launcher Type: SUN_STANDARD

Environment Variables:
PATH=/usr/bin:/bin:/usr/sbin:/sbin
SHELL=/bin/bash

Signal Handlers:
SIGSEGV: [libjvm.dylib+0x5b494d], sa_mask[0]=11111111011111110111111111111111, sa_flags=SA_ONSTACK|SA_RESTART|SA_SIGINFO
SIGBUS: [libjvm.dylib+0x5b494d], sa_mask[0]=11111111011111110111111111111111, sa_flags=SA_RESTART|SA_SIGINFO
SIGFPE: [libjvm.dylib+0x48ab54], sa_mask[0]=11111111011111110111111111111111, sa_flags=SA_RESTART|SA_SIGINFO
SIGPIPE: [libjvm.dylib+0x48ab54], sa_mask[0]=11111111011111110111111111111111, sa_flags=SA_RESTART|SA_SIGINFO
SIGXFSZ: [libjvm.dylib+0x48ab54], sa_mask[0]=11111111011111110111111111111111, sa_flags=SA_RESTART|SA_SIGINFO
SIGILL: [libjvm.dylib+0x48ab54], sa_mask[0]=11111111011111110111111111111111, sa_flags=SA_RESTART|SA_SIGINFO
SIGUSR1: SIG_DFL, sa_mask[0]=00000000000000000000000000000000, sa_flags=none
SIGUSR2: [libjvm.dylib+0x48a672], sa_mask[0]=00100000000000000000000000000000, sa_flags=SA_RESTART|SA_SIGINFO
SIGHUP: [libjvm.dylib+0x488c49], sa_mask[0]=11111111011111110111111111111111, sa_flags=SA_RESTART|SA_SIGINFO
SIGINT: [libjvm.dylib+0x488c49], sa_mask[0]=11111111011111110111111111111111, sa_flags=SA_RESTART|SA_SIGINFO
SIGTERM: [libjvm.dylib+0x488c49], sa_mask[0]=11111111011111110111111111111111, sa_flags=SA_RESTART|SA_SIGINFO
SIGQUIT: [libjvm.dylib+0x488c49], sa_mask[0]=11111111011111110111111111111111, sa_flags=SA_RESTART|SA_SIGINFO


---------------  S Y S T E M  ---------------

OS:Bsduname:Darwin 18.2.0 Darwin Kernel Version 18.2.0: Thu Dec 20 20:46:53 PST 2018; root:xnu-4903.241.1~1/RELEASE_X86_64 x86_64
rlimit: STACK 8192k, CORE 0k, NPROC 709, NOFILE 10240, AS infinity
load average:4.93 5.48 4.90

CPU:total 4 (initial active 4) (2 cores per cpu, 2 threads per core) family 6 model 69 stepping 1, cmov, cx8, fxsr, mmx, sse, sse2, sse3, ssse3, sse4.1, sse4.2, popcnt, avx, avx2, aes, clmul, erms, lzcnt, ht, tsc, tscinvbit, bmi1, bmi2

Memory: 4k page, physical 4194304k(21484k free)

/proc/meminfo:


vm_info: Java HotSpot(TM) 64-Bit Server VM (25.152-b16) for bsd-amd64 JRE (1.8.0_152-b16), built on Sep 14 2017 02:31:13 by "java_re" with gcc 4.2.1 (Based on Apple Inc. build 5658) (LLVM build 2336.11.00)

time: Thu Apr  4 18:57:33 2019
elapsed time: 1465 seconds (0d 0h 24m 25s)

